This file contains any messages produced by compilers while
running configure, to aid debugging if configure makes a mistake.

It was created by sgsMap configure 1.0.0, which was
generated by GNU Autoconf 2.59.  Invocation command line was

  $ ./configure CFLAGS=-g --no-create --no-recursion

## --------- ##
## Platform. ##
## --------- ##

hostname = compute-0-10.local
uname -m = x86_64
uname -r = 2.6.18-128.1.14.el5
uname -s = Linux
uname -v = #1 SMP Wed Jun 17 06:38:05 EDT 2009

/usr/bin/uname -p = unknown
/bin/uname -X     = unknown

/bin/arch              = x86_64
/usr/bin/arch -k       = unknown
/usr/convex/getsysinfo = unknown
hostinfo               = unknown
/bin/machine           = unknown
/usr/bin/oslevel       = unknown
/bin/universe          = unknown

PATH: /share/nas9/macx/research/slaf4/RAD_seq/bin
PATH: /share/nas2/genome/biosoft/carthagene/current/carthagene-1.2.3-Linux-x86_64/bin
PATH: /share/nas2/genome/biosoft/python/2.7.5/bin
PATH: /share/nas2/genome/biosoft/bowtie/current
PATH: /share/nas2/genome/biosoft/bowtie2/current
PATH: /share/nas2/genome/biosoft/tophat/current
PATH: /share/nas2/genome/biosoft/R/2.15.1/bin
PATH: /share/nas2/genome/bmksoft/bmkNGStoolbox/current
PATH: /home/macx/.vim/cscope-15.8a/bin
PATH: /home/macx/.vim/ctags-5.6/bin/
PATH: /share/nas2/genome/bmksoft/bmkNGStoolbox/current
PATH: /share/nas9/macx/research/qtl/Qgene
PATH: /share/nas9/macx/software/QTL/qtlCart/QTLCartUnix/src
PATH: /share/nas9/macx/research/update_SLAF/alignment/software/short2genome/bowtie2/bowtie-0.12.8
PATH: /share/nas2/genome/biosoft/jellyfish-1.1.2/bin
PATH: /opt/gridengine/bin/lx26-amd64
PATH: /usr/kerberos/bin
PATH: /opt/gridengine/bin/lx26-amd64
PATH: /usr/java/latest/bin
PATH: /usr/local/bin
PATH: /bin
PATH: /usr/bin
PATH: /share/nas2/genome/bin/
PATH: /share/nas2/genome/biosoft/FGF
PATH: /opt/Bio/ncbi/bin
PATH: /opt/Bio/mpiblast/bin/
PATH: /opt/Bio/hmmer/bin
PATH: /opt/Bio/EMBOSS/bin
PATH: /opt/Bio/clustalw/bin
PATH: /opt/Bio/tcoffee/bin
PATH: /opt/Bio/phylip/exe
PATH: /opt/Bio/mrbayes
PATH: /opt/Bio/fasta
PATH: /opt/Bio/glimmer/bin
PATH: //opt/Bio/glimmer/scripts
PATH: /opt/Bio/gromacs/bin
PATH: /opt/Bio/gmap/bin
PATH: /opt/Bio/tigr/bin
PATH: /opt/eclipse
PATH: /opt/ganglia/bin
PATH: /opt/ganglia/sbin
PATH: /opt/maven/bin
PATH: /opt/openmpi/bin/
PATH: /opt/rocks/bin
PATH: /opt/rocks/sbin
PATH: /share/nas2/genome/bin/
PATH: /share/nas2/genome/biosoft/FGF
PATH: /share/nas1/macx/bin
PATH: /share/nas1/litc/bin
PATH: /home/macx/mysqlc/bin
PATH: /share/nas1/litc/bin/SOAPals1.1/bin
PATH: /share/nas1/macx/bin
PATH: /home/macx/bin


## ----------- ##
## Core tests. ##
## ----------- ##

configure:1352: checking for a BSD-compatible install
configure:1407: result: /usr/bin/install -c
configure:1418: checking whether build environment is sane
configure:1461: result: yes
configure:1526: checking for gawk
configure:1542: found /bin/gawk
configure:1552: result: gawk
configure:1562: checking whether make sets $(MAKE)
configure:1582: result: yes
configure:1802: checking for gcc
configure:1818: found /usr/bin/gcc
configure:1828: result: gcc
configure:2072: checking for C compiler version
configure:2075: gcc --version </dev/null >&5
gcc (GCC) 4.1.2 20080704 (Red Hat 4.1.2-44)
Copyright (C) 2006 Free Software Foundation, Inc.
This is free software; see the source for copying conditions.  There is NO
warranty; not even for MERCHANTABILITY or FITNESS FOR A PARTICULAR PURPOSE.

configure:2078: $? = 0
configure:2080: gcc -v </dev/null >&5
Using built-in specs.
Target: x86_64-redhat-linux
Configured with: ../configure --prefix=/usr --mandir=/usr/share/man --infodir=/usr/share/info --enable-shared --enable-threads=posix --enable-checking=release --with-system-zlib --enable-__cxa_atexit --disable-libunwind-exceptions --enable-libgcj-multifile --enable-languages=c,c++,objc,obj-c++,java,fortran,ada --enable-java-awt=gtk --disable-dssi --enable-plugin --with-java-home=/usr/lib/jvm/java-1.4.2-gcj-1.4.2.0/jre --with-cpu=generic --host=x86_64-redhat-linux
Thread model: posix
gcc version 4.1.2 20080704 (Red Hat 4.1.2-44)
configure:2083: $? = 0
configure:2085: gcc -V </dev/null >&5
gcc: '-V' option must have argument
configure:2088: $? = 1
configure:2111: checking for C compiler default output file name
configure:2114: gcc -g   conftest.c  >&5
configure:2117: $? = 0
configure:2163: result: a.out
configure:2168: checking whether the C compiler works
configure:2174: ./a.out
configure:2177: $? = 0
configure:2194: result: yes
configure:2201: checking whether we are cross compiling
configure:2203: result: no
configure:2206: checking for suffix of executables
configure:2208: gcc -o conftest -g   conftest.c  >&5
configure:2211: $? = 0
configure:2236: result: 
configure:2242: checking for suffix of object files
configure:2263: gcc -c -g  conftest.c >&5
configure:2266: $? = 0
configure:2288: result: o
configure:2292: checking whether we are using the GNU C compiler
configure:2316: gcc -c -g  conftest.c >&5
configure:2322: $? = 0
configure:2326: test -z 
			 || test ! -s conftest.err
configure:2329: $? = 0
configure:2332: test -s conftest.o
configure:2335: $? = 0
configure:2348: result: yes
configure:2354: checking whether gcc accepts -g
configure:2375: gcc -c -g  conftest.c >&5
configure:2381: $? = 0
configure:2385: test -z 
			 || test ! -s conftest.err
configure:2388: $? = 0
configure:2391: test -s conftest.o
configure:2394: $? = 0
configure:2405: result: yes
configure:2422: checking for gcc option to accept ANSI C
configure:2492: gcc  -c -g  conftest.c >&5
configure:2498: $? = 0
configure:2502: test -z 
			 || test ! -s conftest.err
configure:2505: $? = 0
configure:2508: test -s conftest.o
configure:2511: $? = 0
configure:2529: result: none needed
configure:2547: gcc -c -g  conftest.c >&5
conftest.c:2: error: expected '=', ',', ';', 'asm' or '__attribute__' before 'me'
configure:2553: $? = 1
configure: failed program was:
| #ifndef __cplusplus
|   choke me
| #endif
configure:2697: checking for style of include used by make
configure:2725: result: GNU
configure:2753: checking dependency style of gcc
configure:2843: result: gcc3
configure:2865: checking for gsl_rng_uniform in -lgsl
configure:2895: gcc -o conftest -g   conftest.c -lgsl   >&5
/usr/lib/gcc/x86_64-redhat-linux/4.1.2/../../../../lib64/libgsl.so: undefined reference to `cblas_ctrmv'
/usr/lib/gcc/x86_64-redhat-linux/4.1.2/../../../../lib64/libgsl.so: undefined reference to `cblas_zswap'
/usr/lib/gcc/x86_64-redhat-linux/4.1.2/../../../../lib64/libgsl.so: undefined reference to `cblas_zsymm'
/usr/lib/gcc/x86_64-redhat-linux/4.1.2/../../../../lib64/libgsl.so: undefined reference to `cblas_cgeru'
/usr/lib/gcc/x86_64-redhat-linux/4.1.2/../../../../lib64/libgsl.so: undefined reference to `cblas_sgemm'
/usr/lib/gcc/x86_64-redhat-linux/4.1.2/../../../../lib64/libgsl.so: undefined reference to `cblas_ctrsv'
/usr/lib/gcc/x86_64-redhat-linux/4.1.2/../../../../lib64/libgsl.so: undefined reference to `cblas_sgemv'
/usr/lib/gcc/x86_64-redhat-linux/4.1.2/../../../../lib64/libgsl.so: undefined reference to `cblas_srotg'
/usr/lib/gcc/x86_64-redhat-linux/4.1.2/../../../../lib64/libgsl.so: undefined reference to `cblas_zgemm'
/usr/lib/gcc/x86_64-redhat-linux/4.1.2/../../../../lib64/libgsl.so: undefined reference to `cblas_cdotu_sub'
/usr/lib/gcc/x86_64-redhat-linux/4.1.2/../../../../lib64/libgsl.so: undefined reference to `cblas_dznrm2'
/usr/lib/gcc/x86_64-redhat-linux/4.1.2/../../../../lib64/libgsl.so: undefined reference to `cblas_ddot'
/usr/lib/gcc/x86_64-redhat-linux/4.1.2/../../../../lib64/libgsl.so: undefined reference to `cblas_csymm'
/usr/lib/gcc/x86_64-redhat-linux/4.1.2/../../../../lib64/libgsl.so: undefined reference to `cblas_cher2k'
/usr/lib/gcc/x86_64-redhat-linux/4.1.2/../../../../lib64/libgsl.so: undefined reference to `cblas_zdotu_sub'
/usr/lib/gcc/x86_64-redhat-linux/4.1.2/../../../../lib64/libgsl.so: undefined reference to `cblas_sdot'
/usr/lib/gcc/x86_64-redhat-linux/4.1.2/../../../../lib64/libgsl.so: undefined reference to `cblas_sdsdot'
/usr/lib/gcc/x86_64-redhat-linux/4.1.2/../../../../lib64/libgsl.so: undefined reference to `cblas_cgerc'
/usr/lib/gcc/x86_64-redhat-linux/4.1.2/../../../../lib64/libgsl.so: undefined reference to `cblas_scnrm2'
/usr/lib/gcc/x86_64-redhat-linux/4.1.2/../../../../lib64/libgsl.so: undefined reference to `cblas_ctrmm'
/usr/lib/gcc/x86_64-redhat-linux/4.1.2/../../../../lib64/libgsl.so: undefined reference to `cblas_sscal'
/usr/lib/gcc/x86_64-redhat-linux/4.1.2/../../../../lib64/libgsl.so: undefined reference to `cblas_strmm'
/usr/lib/gcc/x86_64-redhat-linux/4.1.2/../../../../lib64/libgsl.so: undefined reference to `cblas_zcopy'
/usr/lib/gcc/x86_64-redhat-linux/4.1.2/../../../../lib64/libgsl.so: undefined reference to `cblas_dsyrk'
/usr/lib/gcc/x86_64-redhat-linux/4.1.2/../../../../lib64/libgsl.so: undefined reference to `cblas_cherk'
/usr/lib/gcc/x86_64-redhat-linux/4.1.2/../../../../lib64/libgsl.so: undefined reference to `cblas_zherk'
/usr/lib/gcc/x86_64-redhat-linux/4.1.2/../../../../lib64/libgsl.so: undefined reference to `cblas_zher'
/usr/lib/gcc/x86_64-redhat-linux/4.1.2/../../../../lib64/libgsl.so: undefined reference to `cblas_ztrmv'
/usr/lib/gcc/x86_64-redhat-linux/4.1.2/../../../../lib64/libgsl.so: undefined reference to `cblas_drotmg'
/usr/lib/gcc/x86_64-redhat-linux/4.1.2/../../../../lib64/libgsl.so: undefined reference to `cblas_dswap'
/usr/lib/gcc/x86_64-redhat-linux/4.1.2/../../../../lib64/libgsl.so: undefined reference to `cblas_scopy'
/usr/lib/gcc/x86_64-redhat-linux/4.1.2/../../../../lib64/libgsl.so: undefined reference to `cblas_scasum'
/usr/lib/gcc/x86_64-redhat-linux/4.1.2/../../../../lib64/libgsl.so: undefined reference to `cblas_zscal'
/usr/lib/gcc/x86_64-redhat-linux/4.1.2/../../../../lib64/libgsl.so: undefined reference to `cblas_drotg'
/usr/lib/gcc/x86_64-redhat-linux/4.1.2/../../../../lib64/libgsl.so: undefined reference to `cblas_zdotc_sub'
/usr/lib/gcc/x86_64-redhat-linux/4.1.2/../../../../lib64/libgsl.so: undefined reference to `cblas_cscal'
/usr/lib/gcc/x86_64-redhat-linux/4.1.2/../../../../lib64/libgsl.so: undefined reference to `cblas_caxpy'
/usr/lib/gcc/x86_64-redhat-linux/4.1.2/../../../../lib64/libgsl.so: undefined reference to `cblas_zsyr2k'
/usr/lib/gcc/x86_64-redhat-linux/4.1.2/../../../../lib64/libgsl.so: undefined reference to `cblas_ssyr2k'
/usr/lib/gcc/x86_64-redhat-linux/4.1.2/../../../../lib64/libgsl.so: undefined reference to `cblas_csyr2k'
/usr/lib/gcc/x86_64-redhat-linux/4.1.2/../../../../lib64/libgsl.so: undefined reference to `cblas_ztrsm'
/usr/lib/gcc/x86_64-redhat-linux/4.1.2/../../../../lib64/libgsl.so: undefined reference to `cblas_ctrsm'
/usr/lib/gcc/x86_64-redhat-linux/4.1.2/../../../../lib64/libgsl.so: undefined reference to `cblas_ssymm'
/usr/lib/gcc/x86_64-redhat-linux/4.1.2/../../../../lib64/libgsl.so: undefined reference to `cblas_cdotc_sub'
/usr/lib/gcc/x86_64-redhat-linux/4.1.2/../../../../lib64/libgsl.so: undefined reference to `cblas_zher2k'
/usr/lib/gcc/x86_64-redhat-linux/4.1.2/../../../../lib64/libgsl.so: undefined reference to `cblas_saxpy'
/usr/lib/gcc/x86_64-redhat-linux/4.1.2/../../../../lib64/libgsl.so: undefined reference to `cblas_idamax'
/usr/lib/gcc/x86_64-redhat-linux/4.1.2/../../../../lib64/libgsl.so: undefined reference to `cblas_snrm2'
/usr/lib/gcc/x86_64-redhat-linux/4.1.2/../../../../lib64/libgsl.so: undefined reference to `cblas_dsdot'
/usr/lib/gcc/x86_64-redhat-linux/4.1.2/../../../../lib64/libgsl.so: undefined reference to `cblas_cher'
/usr/lib/gcc/x86_64-redhat-linux/4.1.2/../../../../lib64/libgsl.so: undefined reference to `cblas_dger'
/usr/lib/gcc/x86_64-redhat-linux/4.1.2/../../../../lib64/libgsl.so: undefined reference to `cblas_cher2'
/usr/lib/gcc/x86_64-redhat-linux/4.1.2/../../../../lib64/libgsl.so: undefined reference to `cblas_dzasum'
/usr/lib/gcc/x86_64-redhat-linux/4.1.2/../../../../lib64/libgsl.so: undefined reference to `cblas_dsyr2'
/usr/lib/gcc/x86_64-redhat-linux/4.1.2/../../../../lib64/libgsl.so: undefined reference to `cblas_ssyrk'
/usr/lib/gcc/x86_64-redhat-linux/4.1.2/../../../../lib64/libgsl.so: undefined reference to `cblas_strmv'
/usr/lib/gcc/x86_64-redhat-linux/4.1.2/../../../../lib64/libgsl.so: undefined reference to `cblas_dgemv'
/usr/lib/gcc/x86_64-redhat-linux/4.1.2/../../../../lib64/libgsl.so: undefined reference to `cblas_cgemm'
/usr/lib/gcc/x86_64-redhat-linux/4.1.2/../../../../lib64/libgsl.so: undefined reference to `cblas_dasum'
/usr/lib/gcc/x86_64-redhat-linux/4.1.2/../../../../lib64/libgsl.so: undefined reference to `cblas_dsymv'
/usr/lib/gcc/x86_64-redhat-linux/4.1.2/../../../../lib64/libgsl.so: undefined reference to `cblas_srotm'
/usr/lib/gcc/x86_64-redhat-linux/4.1.2/../../../../lib64/libgsl.so: undefined reference to `cblas_sswap'
/usr/lib/gcc/x86_64-redhat-linux/4.1.2/../../../../lib64/libgsl.so: undefined reference to `cblas_dtrmv'
/usr/lib/gcc/x86_64-redhat-linux/4.1.2/../../../../lib64/libgsl.so: undefined reference to `cblas_isamax'
/usr/lib/gcc/x86_64-redhat-linux/4.1.2/../../../../lib64/libgsl.so: undefined reference to `cblas_zhemv'
/usr/lib/gcc/x86_64-redhat-linux/4.1.2/../../../../lib64/libgsl.so: undefined reference to `cblas_zaxpy'
/usr/lib/gcc/x86_64-redhat-linux/4.1.2/../../../../lib64/libgsl.so: undefined reference to `cblas_dcopy'
/usr/lib/gcc/x86_64-redhat-linux/4.1.2/../../../../lib64/libgsl.so: undefined reference to `cblas_sasum'
/usr/lib/gcc/x86_64-redhat-linux/4.1.2/../../../../lib64/libgsl.so: undefined reference to `cblas_dsyr'
/usr/lib/gcc/x86_64-redhat-linux/4.1.2/../../../../lib64/libgsl.so: undefined reference to `cblas_strsm'
/usr/lib/gcc/x86_64-redhat-linux/4.1.2/../../../../lib64/libgsl.so: undefined reference to `cblas_drot'
/usr/lib/gcc/x86_64-redhat-linux/4.1.2/../../../../lib64/libgsl.so: undefined reference to `cblas_ztrsv'
/usr/lib/gcc/x86_64-redhat-linux/4.1.2/../../../../lib64/libgsl.so: undefined reference to `cblas_izamax'
/usr/lib/gcc/x86_64-redhat-linux/4.1.2/../../../../lib64/libgsl.so: undefined reference to `cblas_ssymv'
/usr/lib/gcc/x86_64-redhat-linux/4.1.2/../../../../lib64/libgsl.so: undefined reference to `cblas_chemm'
/usr/lib/gcc/x86_64-redhat-linux/4.1.2/../../../../lib64/libgsl.so: undefined reference to `cblas_zgeru'
/usr/lib/gcc/x86_64-redhat-linux/4.1.2/../../../../lib64/libgsl.so: undefined reference to `cblas_dtrsv'
/usr/lib/gcc/x86_64-redhat-linux/4.1.2/../../../../lib64/libgsl.so: undefined reference to `cblas_sger'
/usr/lib/gcc/x86_64-redhat-linux/4.1.2/../../../../lib64/libgsl.so: undefined reference to `cblas_srot'
/usr/lib/gcc/x86_64-redhat-linux/4.1.2/../../../../lib64/libgsl.so: undefined reference to `cblas_dsymm'
/usr/lib/gcc/x86_64-redhat-linux/4.1.2/../../../../lib64/libgsl.so: undefined reference to `cblas_ztrmm'
/usr/lib/gcc/x86_64-redhat-linux/4.1.2/../../../../lib64/libgsl.so: undefined reference to `cblas_zdscal'
/usr/lib/gcc/x86_64-redhat-linux/4.1.2/../../../../lib64/libgsl.so: undefined reference to `cblas_zher2'
/usr/lib/gcc/x86_64-redhat-linux/4.1.2/../../../../lib64/libgsl.so: undefined reference to `cblas_ssyr'
/usr/lib/gcc/x86_64-redhat-linux/4.1.2/../../../../lib64/libgsl.so: undefined reference to `cblas_dtrmm'
/usr/lib/gcc/x86_64-redhat-linux/4.1.2/../../../../lib64/libgsl.so: undefined reference to `cblas_zgerc'
/usr/lib/gcc/x86_64-redhat-linux/4.1.2/../../../../lib64/libgsl.so: undefined reference to `cblas_csscal'
/usr/lib/gcc/x86_64-redhat-linux/4.1.2/../../../../lib64/libgsl.so: undefined reference to `cblas_dsyr2k'
/usr/lib/gcc/x86_64-redhat-linux/4.1.2/../../../../lib64/libgsl.so: undefined reference to `cblas_chemv'
/usr/lib/gcc/x86_64-redhat-linux/4.1.2/../../../../lib64/libgsl.so: undefined reference to `cblas_dnrm2'
/usr/lib/gcc/x86_64-redhat-linux/4.1.2/../../../../lib64/libgsl.so: undefined reference to `cblas_drotm'
/usr/lib/gcc/x86_64-redhat-linux/4.1.2/../../../../lib64/libgsl.so: undefined reference to `cblas_icamax'
/usr/lib/gcc/x86_64-redhat-linux/4.1.2/../../../../lib64/libgsl.so: undefined reference to `cblas_zgemv'
/usr/lib/gcc/x86_64-redhat-linux/4.1.2/../../../../lib64/libgsl.so: undefined reference to `cblas_zhemm'
/usr/lib/gcc/x86_64-redhat-linux/4.1.2/../../../../lib64/libgsl.so: undefined reference to `cblas_cgemv'
/usr/lib/gcc/x86_64-redhat-linux/4.1.2/../../../../lib64/libgsl.so: undefined reference to `cblas_ssyr2'
/usr/lib/gcc/x86_64-redhat-linux/4.1.2/../../../../lib64/libgsl.so: undefined reference to `cblas_strsv'
/usr/lib/gcc/x86_64-redhat-linux/4.1.2/../../../../lib64/libgsl.so: undefined reference to `cblas_dscal'
/usr/lib/gcc/x86_64-redhat-linux/4.1.2/../../../../lib64/libgsl.so: undefined reference to `cblas_dgemm'
/usr/lib/gcc/x86_64-redhat-linux/4.1.2/../../../../lib64/libgsl.so: undefined reference to `cblas_srotmg'
/usr/lib/gcc/x86_64-redhat-linux/4.1.2/../../../../lib64/libgsl.so: undefined reference to `cblas_dtrsm'
/usr/lib/gcc/x86_64-redhat-linux/4.1.2/../../../../lib64/libgsl.so: undefined reference to `cblas_ccopy'
/usr/lib/gcc/x86_64-redhat-linux/4.1.2/../../../../lib64/libgsl.so: undefined reference to `cblas_zsyrk'
/usr/lib/gcc/x86_64-redhat-linux/4.1.2/../../../../lib64/libgsl.so: undefined reference to `cblas_cswap'
/usr/lib/gcc/x86_64-redhat-linux/4.1.2/../../../../lib64/libgsl.so: undefined reference to `cblas_daxpy'
/usr/lib/gcc/x86_64-redhat-linux/4.1.2/../../../../lib64/libgsl.so: undefined reference to `cblas_csyrk'
collect2: ld returned 1 exit status
configure:2901: $? = 1
configure: failed program was:
| /* confdefs.h.  */
| 
| #define PACKAGE_NAME "sgsMap"
| #define PACKAGE_TARNAME "sgsmap"
| #define PACKAGE_VERSION "1.0.0"
| #define PACKAGE_STRING "sgsMap 1.0.0"
| #define PACKAGE_BUGREPORT "macx@biomarker.com.cn"
| #define PACKAGE "sgsMap"
| #define VERSION "1.0.0"
| /* end confdefs.h.  */
| 
| /* Override any gcc2 internal prototype to avoid an error.  */
| #ifdef __cplusplus
| extern "C"
| #endif
| /* We use char because int might match the return type of a gcc2
|    builtin and then its argument prototype would still apply.  */
| char gsl_rng_uniform ();
| int
| main ()
| {
| gsl_rng_uniform ();
|   ;
|   return 0;
| }
configure:2927: result: no
configure:2940: checking for gsl_rng_uniform in -lgslcblas
configure:2970: gcc -o conftest -g   conftest.c -lgslcblas   >&5
/tmp/ccC9Sv4c.o: In function `main':
/share/nas9/macx/software/bmk/workflow/v1.1/Linkage/v1.1/bin/linkage_CP/sgsMap_v1.2.4/conftest.c:22: undefined reference to `gsl_rng_uniform'
collect2: ld returned 1 exit status
configure:2976: $? = 1
configure: failed program was:
| /* confdefs.h.  */
| 
| #define PACKAGE_NAME "sgsMap"
| #define PACKAGE_TARNAME "sgsmap"
| #define PACKAGE_VERSION "1.0.0"
| #define PACKAGE_STRING "sgsMap 1.0.0"
| #define PACKAGE_BUGREPORT "macx@biomarker.com.cn"
| #define PACKAGE "sgsMap"
| #define VERSION "1.0.0"
| /* end confdefs.h.  */
| 
| /* Override any gcc2 internal prototype to avoid an error.  */
| #ifdef __cplusplus
| extern "C"
| #endif
| /* We use char because int might match the return type of a gcc2
|    builtin and then its argument prototype would still apply.  */
| char gsl_rng_uniform ();
| int
| main ()
| {
| gsl_rng_uniform ();
|   ;
|   return 0;
| }
configure:3002: result: no
configure:3015: checking for sqrt log in -lm
configure:3045: gcc -o conftest -g   conftest.c -lm   >&5
conftest.c:18: error: expected '=', ',', ';', 'asm' or '__attribute__' before 'log'
conftest.c: In function 'main':
conftest.c:22: error: 'sqrt' undeclared (first use in this function)
conftest.c:22: error: (Each undeclared identifier is reported only once
conftest.c:22: error: for each function it appears in.)
conftest.c:22: error: expected ';' before 'log'
configure:3051: $? = 1
configure: failed program was:
| /* confdefs.h.  */
| 
| #define PACKAGE_NAME "sgsMap"
| #define PACKAGE_TARNAME "sgsmap"
| #define PACKAGE_VERSION "1.0.0"
| #define PACKAGE_STRING "sgsMap 1.0.0"
| #define PACKAGE_BUGREPORT "macx@biomarker.com.cn"
| #define PACKAGE "sgsMap"
| #define VERSION "1.0.0"
| /* end confdefs.h.  */
| 
| /* Override any gcc2 internal prototype to avoid an error.  */
| #ifdef __cplusplus
| extern "C"
| #endif
| /* We use char because int might match the return type of a gcc2
|    builtin and then its argument prototype would still apply.  */
| char sqrt log ();
| int
| main ()
| {
| sqrt log ();
|   ;
|   return 0;
| }
configure:3077: result: no
configure:3095: checking how to run the C preprocessor
configure:3130: gcc -E  conftest.c
configure:3136: $? = 0
configure:3168: gcc -E  conftest.c
conftest.c:11:28: error: ac_nonexistent.h: No such file or directory
configure:3174: $? = 1
configure: failed program was:
| /* confdefs.h.  */
| 
| #define PACKAGE_NAME "sgsMap"
| #define PACKAGE_TARNAME "sgsmap"
| #define PACKAGE_VERSION "1.0.0"
| #define PACKAGE_STRING "sgsMap 1.0.0"
| #define PACKAGE_BUGREPORT "macx@biomarker.com.cn"
| #define PACKAGE "sgsMap"
| #define VERSION "1.0.0"
| /* end confdefs.h.  */
| #include <ac_nonexistent.h>
configure:3213: result: gcc -E
configure:3237: gcc -E  conftest.c
configure:3243: $? = 0
configure:3275: gcc -E  conftest.c
conftest.c:11:28: error: ac_nonexistent.h: No such file or directory
configure:3281: $? = 1
configure: failed program was:
| /* confdefs.h.  */
| 
| #define PACKAGE_NAME "sgsMap"
| #define PACKAGE_TARNAME "sgsmap"
| #define PACKAGE_VERSION "1.0.0"
| #define PACKAGE_STRING "sgsMap 1.0.0"
| #define PACKAGE_BUGREPORT "macx@biomarker.com.cn"
| #define PACKAGE "sgsMap"
| #define VERSION "1.0.0"
| /* end confdefs.h.  */
| #include <ac_nonexistent.h>
configure:3325: checking for egrep
configure:3335: result: grep -E
configure:3340: checking for ANSI C header files
configure:3365: gcc -c -g  conftest.c >&5
configure:3371: $? = 0
configure:3375: test -z 
			 || test ! -s conftest.err
configure:3378: $? = 0
configure:3381: test -s conftest.o
configure:3384: $? = 0
configure:3473: gcc -o conftest -g   conftest.c  >&5
conftest.c: In function 'main':
conftest.c:28: warning: incompatible implicit declaration of built-in function 'exit'
configure:3476: $? = 0
configure:3478: ./conftest
configure:3481: $? = 0
configure:3496: result: yes
configure:3520: checking for sys/types.h
configure:3536: gcc -c -g  conftest.c >&5
configure:3542: $? = 0
configure:3546: test -z 
			 || test ! -s conftest.err
configure:3549: $? = 0
configure:3552: test -s conftest.o
configure:3555: $? = 0
configure:3566: result: yes
configure:3520: checking for sys/stat.h
configure:3536: gcc -c -g  conftest.c >&5
configure:3542: $? = 0
configure:3546: test -z 
			 || test ! -s conftest.err
configure:3549: $? = 0
configure:3552: test -s conftest.o
configure:3555: $? = 0
configure:3566: result: yes
configure:3520: checking for stdlib.h
configure:3536: gcc -c -g  conftest.c >&5
configure:3542: $? = 0
configure:3546: test -z 
			 || test ! -s conftest.err
configure:3549: $? = 0
configure:3552: test -s conftest.o
configure:3555: $? = 0
configure:3566: result: yes
configure:3520: checking for string.h
configure:3536: gcc -c -g  conftest.c >&5
configure:3542: $? = 0
configure:3546: test -z 
			 || test ! -s conftest.err
configure:3549: $? = 0
configure:3552: test -s conftest.o
configure:3555: $? = 0
configure:3566: result: yes
configure:3520: checking for memory.h
configure:3536: gcc -c -g  conftest.c >&5
configure:3542: $? = 0
configure:3546: test -z 
			 || test ! -s conftest.err
configure:3549: $? = 0
configure:3552: test -s conftest.o
configure:3555: $? = 0
configure:3566: result: yes
configure:3520: checking for strings.h
configure:3536: gcc -c -g  conftest.c >&5
configure:3542: $? = 0
configure:3546: test -z 
			 || test ! -s conftest.err
configure:3549: $? = 0
configure:3552: test -s conftest.o
configure:3555: $? = 0
configure:3566: result: yes
configure:3520: checking for inttypes.h
configure:3536: gcc -c -g  conftest.c >&5
configure:3542: $? = 0
configure:3546: test -z 
			 || test ! -s conftest.err
configure:3549: $? = 0
configure:3552: test -s conftest.o
configure:3555: $? = 0
configure:3566: result: yes
configure:3520: checking for stdint.h
configure:3536: gcc -c -g  conftest.c >&5
configure:3542: $? = 0
configure:3546: test -z 
			 || test ! -s conftest.err
configure:3549: $? = 0
configure:3552: test -s conftest.o
configure:3555: $? = 0
configure:3566: result: yes
configure:3520: checking for unistd.h
configure:3536: gcc -c -g  conftest.c >&5
configure:3542: $? = 0
configure:3546: test -z 
			 || test ! -s conftest.err
configure:3549: $? = 0
configure:3552: test -s conftest.o
configure:3555: $? = 0
configure:3566: result: yes
configure:3587: checking for inttypes.h
configure:3592: result: yes
configure:3596: checking stddef.h usability
configure:3608: gcc -c -g  conftest.c >&5
configure:3614: $? = 0
configure:3618: test -z 
			 || test ! -s conftest.err
configure:3621: $? = 0
configure:3624: test -s conftest.o
configure:3627: $? = 0
configure:3637: result: yes
configure:3641: checking stddef.h presence
configure:3651: gcc -E  conftest.c
configure:3657: $? = 0
configure:3677: result: yes
configure:3712: checking for stddef.h
configure:3719: result: yes
configure:3587: checking for stdlib.h
configure:3592: result: yes
configure:3587: checking for string.h
configure:3592: result: yes
configure:3587: checking for unistd.h
configure:3592: result: yes
configure:3734: checking for an ANSI C-conforming const
configure:3801: gcc -c -g  conftest.c >&5
configure:3807: $? = 0
configure:3811: test -z 
			 || test ! -s conftest.err
configure:3814: $? = 0
configure:3817: test -s conftest.o
configure:3820: $? = 0
configure:3831: result: yes
configure:3841: checking for inline
configure:3862: gcc -c -g  conftest.c >&5
configure:3868: $? = 0
configure:3872: test -z 
			 || test ! -s conftest.err
configure:3875: $? = 0
configure:3878: test -s conftest.o
configure:3881: $? = 0
configure:3893: result: inline
configure:3912: checking for C/C++ restrict keyword
configure:3930: gcc -c -g  conftest.c >&5
conftest.c:26: error: expected '=', ',', ';', 'asm' or '__attribute__' before 'x'
configure:3936: $? = 1
configure: failed program was:
| /* confdefs.h.  */
| 
| #define PACKAGE_NAME "sgsMap"
| #define PACKAGE_TARNAME "sgsmap"
| #define PACKAGE_VERSION "1.0.0"
| #define PACKAGE_STRING "sgsMap 1.0.0"
| #define PACKAGE_BUGREPORT "macx@biomarker.com.cn"
| #define PACKAGE "sgsMap"
| #define VERSION "1.0.0"
| #define STDC_HEADERS 1
| #define HAVE_SYS_TYPES_H 1
| #define HAVE_SYS_STAT_H 1
| #define HAVE_STDLIB_H 1
| #define HAVE_STRING_H 1
| #define HAVE_MEMORY_H 1
| #define HAVE_STRINGS_H 1
| #define HAVE_INTTYPES_H 1
| #define HAVE_STDINT_H 1
| #define HAVE_UNISTD_H 1
| #define HAVE_INTTYPES_H 1
| #define HAVE_STDDEF_H 1
| #define HAVE_STDLIB_H 1
| #define HAVE_STRING_H 1
| #define HAVE_UNISTD_H 1
| /* end confdefs.h.  */
| float * restrict x;
configure:3930: gcc -c -g  conftest.c >&5
configure:3936: $? = 0
configure:3940: test -z 
			 || test ! -s conftest.err
configure:3943: $? = 0
configure:3946: test -s conftest.o
configure:3949: $? = 0
configure:3961: result: __restrict
configure:3976: checking for size_t
configure:4000: gcc -c -g  conftest.c >&5
configure:4006: $? = 0
configure:4010: test -z 
			 || test ! -s conftest.err
configure:4013: $? = 0
configure:4016: test -s conftest.o
configure:4019: $? = 0
configure:4030: result: yes
configure:4042: checking whether struct tm is in sys/time.h or time.h
configure:4065: gcc -c -g  conftest.c >&5
configure:4071: $? = 0
configure:4075: test -z 
			 || test ! -s conftest.err
configure:4078: $? = 0
configure:4081: test -s conftest.o
configure:4084: $? = 0
configure:4095: result: time.h
configure:4105: checking for stdbool.h that conforms to C99
configure:4158: gcc -c -g  conftest.c >&5
configure:4164: $? = 0
configure:4168: test -z 
			 || test ! -s conftest.err
configure:4171: $? = 0
configure:4174: test -s conftest.o
configure:4177: $? = 0
configure:4188: result: yes
configure:4190: checking for _Bool
configure:4214: gcc -c -g  conftest.c >&5
configure:4220: $? = 0
configure:4224: test -z 
			 || test ! -s conftest.err
configure:4227: $? = 0
configure:4230: test -s conftest.o
configure:4233: $? = 0
configure:4244: result: yes
configure:4263: checking for ptrdiff_t
configure:4287: gcc -c -g  conftest.c >&5
configure:4293: $? = 0
configure:4297: test -z 
			 || test ! -s conftest.err
configure:4300: $? = 0
configure:4303: test -s conftest.o
configure:4306: $? = 0
configure:4317: result: yes
configure:4335: checking for stdlib.h
configure:4340: result: yes
configure:4480: checking for GNU libc compatible malloc
configure:4509: gcc -o conftest -g   conftest.c  >&5
configure:4512: $? = 0
configure:4514: ./conftest
configure:4517: $? = 0
configure:4531: result: yes
configure:4566: checking for stdlib.h
configure:4571: result: yes
configure:4711: checking for GNU libc compatible realloc
configure:4740: gcc -o conftest -g   conftest.c  >&5
configure:4743: $? = 0
configure:4745: ./conftest
configure:4748: $? = 0
configure:4762: result: yes
configure:4796: checking for vprintf
configure:4853: gcc -o conftest -g   conftest.c  >&5
conftest.c:58: warning: conflicting types for built-in function 'vprintf'
configure:4859: $? = 0
configure:4863: test -z 
			 || test ! -s conftest.err
configure:4866: $? = 0
configure:4869: test -s conftest
configure:4872: $? = 0
configure:4884: result: yes
configure:4891: checking for _doprnt
configure:4948: gcc -o conftest -g   conftest.c  >&5
/tmp/ccAOeTTv.o: In function `main':
/share/nas9/macx/software/bmk/workflow/v1.1/Linkage/v1.1/bin/linkage_CP/sgsMap_v1.2.4/conftest.c:75: undefined reference to `_doprnt'
/tmp/ccAOeTTv.o:(.data+0x0): undefined reference to `_doprnt'
collect2: ld returned 1 exit status
configure:4954: $? = 1
configure: failed program was:
| /* confdefs.h.  */
| 
| #define PACKAGE_NAME "sgsMap"
| #define PACKAGE_TARNAME "sgsmap"
| #define PACKAGE_VERSION "1.0.0"
| #define PACKAGE_STRING "sgsMap 1.0.0"
| #define PACKAGE_BUGREPORT "macx@biomarker.com.cn"
| #define PACKAGE "sgsMap"
| #define VERSION "1.0.0"
| #define STDC_HEADERS 1
| #define HAVE_SYS_TYPES_H 1
| #define HAVE_SYS_STAT_H 1
| #define HAVE_STDLIB_H 1
| #define HAVE_STRING_H 1
| #define HAVE_MEMORY_H 1
| #define HAVE_STRINGS_H 1
| #define HAVE_INTTYPES_H 1
| #define HAVE_STDINT_H 1
| #define HAVE_UNISTD_H 1
| #define HAVE_INTTYPES_H 1
| #define HAVE_STDDEF_H 1
| #define HAVE_STDLIB_H 1
| #define HAVE_STRING_H 1
| #define HAVE_UNISTD_H 1
| #define restrict __restrict
| #define HAVE__BOOL 1
| #define HAVE_STDBOOL_H 1
| #define HAVE_PTRDIFF_T 1
| #define HAVE_STDLIB_H 1
| #define HAVE_MALLOC 1
| #define HAVE_STDLIB_H 1
| #define HAVE_REALLOC 1
| #define HAVE_VPRINTF 1
| /* end confdefs.h.  */
| /* Define _doprnt to an innocuous variant, in case <limits.h> declares _doprnt.
|    For example, HP-UX 11i <limits.h> declares gettimeofday.  */
| #define _doprnt innocuous__doprnt
| 
| /* System header to define __stub macros and hopefully few prototypes,
|     which can conflict with char _doprnt (); below.
|     Prefer <limits.h> to <assert.h> if __STDC__ is defined, since
|     <limits.h> exists even on freestanding compilers.  */
| 
| #ifdef __STDC__
| # include <limits.h>
| #else
| # include <assert.h>
| #endif
| 
| #undef _doprnt
| 
| /* Override any gcc2 internal prototype to avoid an error.  */
| #ifdef __cplusplus
| extern "C"
| {
| #endif
| /* We use char because int might match the return type of a gcc2
|    builtin and then its argument prototype would still apply.  */
| char _doprnt ();
| /* The GNU C library defines this for functions which it implements
|     to always fail with ENOSYS.  Some functions are actually named
|     something starting with __ and the normal name is an alias.  */
| #if defined (__stub__doprnt) || defined (__stub____doprnt)
| choke me
| #else
| char (*f) () = _doprnt;
| #endif
| #ifdef __cplusplus
| }
| #endif
| 
| int
| main ()
| {
| return f != _doprnt;
|   ;
|   return 0;
| }
configure:4979: result: no
configure:4999: checking for memset
configure:5056: gcc -o conftest -g   conftest.c  >&5
conftest.c:59: warning: conflicting types for built-in function 'memset'
configure:5062: $? = 0
configure:5066: test -z 
			 || test ! -s conftest.err
configure:5069: $? = 0
configure:5072: test -s conftest
configure:5075: $? = 0
configure:5087: result: yes
configure:4999: checking for regcomp
configure:5056: gcc -o conftest -g   conftest.c  >&5
configure:5062: $? = 0
configure:5066: test -z 
			 || test ! -s conftest.err
configure:5069: $? = 0
configure:5072: test -s conftest
configure:5075: $? = 0
configure:5087: result: yes
configure:4999: checking for strdup
configure:5056: gcc -o conftest -g   conftest.c  >&5
conftest.c:61: warning: conflicting types for built-in function 'strdup'
configure:5062: $? = 0
configure:5066: test -z 
			 || test ! -s conftest.err
configure:5069: $? = 0
configure:5072: test -s conftest
configure:5075: $? = 0
configure:5087: result: yes
configure:5209: creating ./config.status

## ---------------- ##
## Cache variables. ##
## ---------------- ##

ac_cv_c_compiler_gnu=yes
ac_cv_c_const=yes
ac_cv_c_inline=inline
ac_cv_c_restrict=__restrict
ac_cv_env_CC_set=
ac_cv_env_CC_value=
ac_cv_env_CFLAGS_set=set
ac_cv_env_CFLAGS_value=-g
ac_cv_env_CPPFLAGS_set=
ac_cv_env_CPPFLAGS_value=
ac_cv_env_CPP_set=
ac_cv_env_CPP_value=
ac_cv_env_LDFLAGS_set=
ac_cv_env_LDFLAGS_value=
ac_cv_env_build_alias_set=
ac_cv_env_build_alias_value=
ac_cv_env_host_alias_set=
ac_cv_env_host_alias_value=
ac_cv_env_target_alias_set=
ac_cv_env_target_alias_value=
ac_cv_exeext=
ac_cv_func__doprnt=no
ac_cv_func_malloc_0_nonnull=yes
ac_cv_func_memset=yes
ac_cv_func_realloc_0_nonnull=yes
ac_cv_func_regcomp=yes
ac_cv_func_strdup=yes
ac_cv_func_vprintf=yes
ac_cv_header_inttypes_h=yes
ac_cv_header_memory_h=yes
ac_cv_header_stdbool_h=yes
ac_cv_header_stdc=yes
ac_cv_header_stddef_h=yes
ac_cv_header_stdint_h=yes
ac_cv_header_stdlib_h=yes
ac_cv_header_string_h=yes
ac_cv_header_strings_h=yes
ac_cv_header_sys_stat_h=yes
ac_cv_header_sys_types_h=yes
ac_cv_header_unistd_h=yes
ac_cv_lib_gsl_gsl_rng_uniform=no
ac_cv_lib_gslcblas_gsl_rng_uniform=no
ac_cv_lib_m_sqrt_log=no
ac_cv_objext=o
ac_cv_path_install='/usr/bin/install -c'
ac_cv_prog_AWK=gawk
ac_cv_prog_CPP='gcc -E'
ac_cv_prog_ac_ct_CC=gcc
ac_cv_prog_cc_g=yes
ac_cv_prog_cc_stdc=
ac_cv_prog_egrep='grep -E'
ac_cv_prog_make_make_set=yes
ac_cv_struct_tm=time.h
ac_cv_type__Bool=yes
ac_cv_type_ptrdiff_t=yes
ac_cv_type_size_t=yes
am_cv_CC_dependencies_compiler_type=gcc3

## ----------------- ##
## Output variables. ##
## ----------------- ##

ACLOCAL='${SHELL} /share/nas9/macx/software/bmk/workflow/v1.1/Linkage/v1.1/bin/linkage_CP/sgsMap_v1.2.4/missing --run aclocal-1.9'
AMDEPBACKSLASH='\'
AMDEP_FALSE='#'
AMDEP_TRUE=''
AMTAR='${SHELL} /share/nas9/macx/software/bmk/workflow/v1.1/Linkage/v1.1/bin/linkage_CP/sgsMap_v1.2.4/missing --run tar'
AUTOCONF='${SHELL} /share/nas9/macx/software/bmk/workflow/v1.1/Linkage/v1.1/bin/linkage_CP/sgsMap_v1.2.4/missing --run autoconf'
AUTOHEADER='${SHELL} /share/nas9/macx/software/bmk/workflow/v1.1/Linkage/v1.1/bin/linkage_CP/sgsMap_v1.2.4/missing --run autoheader'
AUTOMAKE='${SHELL} /share/nas9/macx/software/bmk/workflow/v1.1/Linkage/v1.1/bin/linkage_CP/sgsMap_v1.2.4/missing --run automake-1.9'
AWK='gawk'
CC='gcc'
CCDEPMODE='depmode=gcc3'
CFLAGS='-g'
CPP='gcc -E'
CPPFLAGS=''
CYGPATH_W='echo'
DEFS='-DHAVE_CONFIG_H'
DEPDIR='.deps'
ECHO_C=''
ECHO_N='-n'
ECHO_T=''
EGREP='grep -E'
EXEEXT=''
INSTALL_DATA='${INSTALL} -m 644'
INSTALL_PROGRAM='${INSTALL}'
INSTALL_SCRIPT='${INSTALL}'
INSTALL_STRIP_PROGRAM='${SHELL} $(install_sh) -c -s'
LDFLAGS=''
LIBOBJS=''
LIBS=''
LTLIBOBJS=''
MAKEINFO='${SHELL} /share/nas9/macx/software/bmk/workflow/v1.1/Linkage/v1.1/bin/linkage_CP/sgsMap_v1.2.4/missing --run makeinfo'
OBJEXT='o'
PACKAGE='sgsMap'
PACKAGE_BUGREPORT='macx@biomarker.com.cn'
PACKAGE_NAME='sgsMap'
PACKAGE_STRING='sgsMap 1.0.0'
PACKAGE_TARNAME='sgsmap'
PACKAGE_VERSION='1.0.0'
PATH_SEPARATOR=':'
SET_MAKE=''
SHELL='/bin/sh'
STRIP=''
VERSION='1.0.0'
ac_ct_CC='gcc'
ac_ct_STRIP=''
am__fastdepCC_FALSE='#'
am__fastdepCC_TRUE=''
am__include='include'
am__leading_dot='.'
am__quote=''
am__tar='${AMTAR} chof - "$$tardir"'
am__untar='${AMTAR} xf -'
bindir='${exec_prefix}/bin'
build_alias=''
datadir='${prefix}/share'
exec_prefix='${prefix}'
host_alias=''
includedir='${prefix}/include'
infodir='${prefix}/info'
install_sh='/share/nas9/macx/software/bmk/workflow/v1.1/Linkage/v1.1/bin/linkage_CP/sgsMap_v1.2.4/install-sh'
libdir='${exec_prefix}/lib'
libexecdir='${exec_prefix}/libexec'
localstatedir='${prefix}/var'
mandir='${prefix}/man'
mkdir_p='mkdir -p --'
oldincludedir='/usr/include'
prefix='/usr/local'
program_transform_name='s,x,x,'
sbindir='${exec_prefix}/sbin'
sharedstatedir='${prefix}/com'
sysconfdir='${prefix}/etc'
target_alias=''

## ----------- ##
## confdefs.h. ##
## ----------- ##

#define HAVE_INTTYPES_H 1
#define HAVE_INTTYPES_H 1
#define HAVE_MALLOC 1
#define HAVE_MEMORY_H 1
#define HAVE_MEMSET 1
#define HAVE_PTRDIFF_T 1
#define HAVE_REALLOC 1
#define HAVE_REGCOMP 1
#define HAVE_STDBOOL_H 1
#define HAVE_STDDEF_H 1
#define HAVE_STDINT_H 1
#define HAVE_STDLIB_H 1
#define HAVE_STDLIB_H 1
#define HAVE_STDLIB_H 1
#define HAVE_STDLIB_H 1
#define HAVE_STRDUP 1
#define HAVE_STRINGS_H 1
#define HAVE_STRING_H 1
#define HAVE_STRING_H 1
#define HAVE_SYS_STAT_H 1
#define HAVE_SYS_TYPES_H 1
#define HAVE_UNISTD_H 1
#define HAVE_UNISTD_H 1
#define HAVE_VPRINTF 1
#define HAVE__BOOL 1
#define PACKAGE "sgsMap"
#define PACKAGE_BUGREPORT "macx@biomarker.com.cn"
#define PACKAGE_NAME "sgsMap"
#define PACKAGE_STRING "sgsMap 1.0.0"
#define PACKAGE_TARNAME "sgsmap"
#define PACKAGE_VERSION "1.0.0"
#define STDC_HEADERS 1
#define VERSION "1.0.0"
#define restrict __restrict

configure: exit 0

## ---------------------- ##
## Running config.status. ##
## ---------------------- ##

This file was extended by sgsMap config.status 1.0.0, which was
generated by GNU Autoconf 2.59.  Invocation command line was

  CONFIG_FILES    = 
  CONFIG_HEADERS  = 
  CONFIG_LINKS    = 
  CONFIG_COMMANDS = 
  $ ./config.status 

on compute-0-10.local

config.status:690: creating Makefile
config.status:690: creating src/Makefile
config.status:794: creating config.h
config.status:934: config.h is unchanged
config.status:1114: executing depfiles commands
